Added Component: Designator=C1(CAPC1005X06N)
Add component (AddParameter): Name = "Manufacturer"; Value = "Murata Electronics"; VariantName = "[No Variations]"
Add component (AddParameter): Name = "Manufacturer Part Number"; Value = "GRM155R71C104KA88J"; VariantName = "[No Variations]"
Add component (AddParameter): Name = "Supplier"; Value = "DigiKey"; VariantName = "[No Variations]"
Add component (AddParameter): Name = "Supplier Part Number"; Value = "490-6328-2-ND"; VariantName = "[No Variations]"
Add component (AddParameter): Name = "Value"; Value = "1uF"; VariantName = "[No Variations]"
Added Component: Designator=C2(CAPC1005X06N)
Add component (AddParameter): Name = "Manufacturer"; Value = "Murata Electronics"; VariantName = "[No Variations]"
Add component (AddParameter): Name = "Manufacturer Part Number"; Value = "GRM155R71C104KA88J"; VariantName = "[No Variations]"
Add component (AddParameter): Name = "Supplier"; Value = "DigiKey"; VariantName = "[No Variations]"
Add component (AddParameter): Name = "Supplier Part Number"; Value = "490-6328-2-ND"; VariantName = "[No Variations]"
Add component (AddParameter): Name = "Value"; Value = "1uF"; VariantName = "[No Variations]"
Added Component: Designator=C3(CAPC1005X06N)
Add component (AddParameter): Name = "Manufacturer"; Value = "Murata Electronics"; VariantName = "[No Variations]"
Add component (AddParameter): Name = "Manufacturer Part Number"; Value = "GRM155R71C104KA88J"; VariantName = "[No Variations]"
Add component (AddParameter): Name = "Supplier"; Value = "DigiKey"; VariantName = "[No Variations]"
Add component (AddParameter): Name = "Supplier Part Number"; Value = "490-6328-2-ND"; VariantName = "[No Variations]"
Add component (AddParameter): Name = "Value"; Value = "1uF"; VariantName = "[No Variations]"
Added Component: Designator=C4(CAPC1005X06N)
Add component (AddParameter): Name = "Manufacturer"; Value = "Murata Electronics"; VariantName = "[No Variations]"
Add component (AddParameter): Name = "Manufacturer Part Number"; Value = "GRM155R71C104KA88J"; VariantName = "[No Variations]"
Add component (AddParameter): Name = "Supplier"; Value = "DigiKey"; VariantName = "[No Variations]"
Add component (AddParameter): Name = "Supplier Part Number"; Value = "490-6328-2-ND"; VariantName = "[No Variations]"
Add component (AddParameter): Name = "Value"; Value = "4.7uF"; VariantName = "[No Variations]"
Added Component: Designator=C5(CAPC1005X06N)
Add component (AddParameter): Name = "Manufacturer"; Value = "Murata Electronics"; VariantName = "[No Variations]"
Add component (AddParameter): Name = "Manufacturer Part Number"; Value = "GRM155R71C104KA88J"; VariantName = "[No Variations]"
Add component (AddParameter): Name = "Supplier"; Value = "DigiKey"; VariantName = "[No Variations]"
Add component (AddParameter): Name = "Supplier Part Number"; Value = "490-6328-2-ND"; VariantName = "[No Variations]"
Add component (AddParameter): Name = "Value"; Value = "100nF"; VariantName = "[No Variations]"
Added Component: Designator=C6(CAPC1005X06N)
Add component (AddParameter): Name = "Manufacturer"; Value = "Murata Electronics"; VariantName = "[No Variations]"
Add component (AddParameter): Name = "Manufacturer Part Number"; Value = "GRM155R71C104KA88J"; VariantName = "[No Variations]"
Add component (AddParameter): Name = "Supplier"; Value = "DigiKey"; VariantName = "[No Variations]"
Add component (AddParameter): Name = "Supplier Part Number"; Value = "490-6328-2-ND"; VariantName = "[No Variations]"
Add component (AddParameter): Name = "Value"; Value = "22pF"; VariantName = "[No Variations]"
Added Component: Designator=C7(CAPC1005X06N)
Add component (AddParameter): Name = "Manufacturer"; Value = "Murata Electronics"; VariantName = "[No Variations]"
Add component (AddParameter): Name = "Manufacturer Part Number"; Value = "GRM155R71C104KA88J"; VariantName = "[No Variations]"
Add component (AddParameter): Name = "Supplier"; Value = "DigiKey"; VariantName = "[No Variations]"
Add component (AddParameter): Name = "Supplier Part Number"; Value = "490-6328-2-ND"; VariantName = "[No Variations]"
Add component (AddParameter): Name = "Value"; Value = "22pF"; VariantName = "[No Variations]"
Added Component: Designator=C8(CAPC1005X06N)
Add component (AddParameter): Name = "Manufacturer"; Value = "Murata Electronics"; VariantName = "[No Variations]"
Add component (AddParameter): Name = "Manufacturer Part Number"; Value = "GRM155R71C104KA88J"; VariantName = "[No Variations]"
Add component (AddParameter): Name = "Supplier"; Value = "DigiKey"; VariantName = "[No Variations]"
Add component (AddParameter): Name = "Supplier Part Number"; Value = "490-6328-2-ND"; VariantName = "[No Variations]"
Add component (AddParameter): Name = "Value"; Value = ""; VariantName = "[No Variations]"
Added Component: Designator=D1(Led)
Add component (AddParameter): Name = "Color"; Value = ""; VariantName = "[No Variations]"
Add component (AddParameter): Name = "Manufacturer"; Value = "Würth Elektronik"; VariantName = "[No Variations]"
Add component (AddParameter): Name = "Manufacturer Part Number"; Value = "150080BS75000"; VariantName = "[No Variations]"
Add component (AddParameter): Name = "Supplier"; Value = "DigiKey"; VariantName = "[No Variations]"
Add component (AddParameter): Name = "Supplier Part Number"; Value = "732-4982-2-ND"; VariantName = "[No Variations]"
Added Component: Designator=D2(Led)
Add component (AddParameter): Name = "Color"; Value = ""; VariantName = "[No Variations]"
Add component (AddParameter): Name = "Manufacturer"; Value = "Würth Elektronik"; VariantName = "[No Variations]"
Add component (AddParameter): Name = "Manufacturer Part Number"; Value = "150080BS75000"; VariantName = "[No Variations]"
Add component (AddParameter): Name = "Supplier"; Value = "DigiKey"; VariantName = "[No Variations]"
Add component (AddParameter): Name = "Supplier Part Number"; Value = "732-4982-2-ND"; VariantName = "[No Variations]"
Added Component: Designator=D3(Led)
Add component (AddParameter): Name = "Color"; Value = ""; VariantName = "[No Variations]"
Add component (AddParameter): Name = "Manufacturer"; Value = "Würth Elektronik"; VariantName = "[No Variations]"
Add component (AddParameter): Name = "Manufacturer Part Number"; Value = "150080BS75000"; VariantName = "[No Variations]"
Add component (AddParameter): Name = "Supplier"; Value = "DigiKey"; VariantName = "[No Variations]"
Add component (AddParameter): Name = "Supplier Part Number"; Value = "732-4982-2-ND"; VariantName = "[No Variations]"
Added Component: Designator=D4(Led)
Add component (AddParameter): Name = "Color"; Value = ""; VariantName = "[No Variations]"
Add component (AddParameter): Name = "Manufacturer"; Value = "Würth Elektronik"; VariantName = "[No Variations]"
Add component (AddParameter): Name = "Manufacturer Part Number"; Value = "150080BS75000"; VariantName = "[No Variations]"
Add component (AddParameter): Name = "Supplier"; Value = "DigiKey"; VariantName = "[No Variations]"
Add component (AddParameter): Name = "Supplier Part Number"; Value = "732-4982-2-ND"; VariantName = "[No Variations]"
Added Component: Designator=D5(DIOM4325X250N)
Add component (AddParameter): Name = "Availability"; Value = "In Stock"; VariantName = "[No Variations]"
Add component (AddParameter): Name = "Check_prices"; Value = "https://www.snapeda.com/parts/1SMA5926/Taiwan+Semiconductor/view-part/?ref=eda"; VariantName = "[No Variations]"
Add component (AddParameter): Name = "MF"; Value = "Taiwan Semiconductor"; VariantName = "[No Variations]"
Add component (AddParameter): Name = "MP"; Value = "1SMA5926"; VariantName = "[No Variations]"
Add component (AddParameter): Name = "Package"; Value = "SMA-2 Taiwan Semiconductor"; VariantName = "[No Variations]"
Add component (AddParameter): Name = "Price"; Value = "None"; VariantName = "[No Variations]"
Add component (AddParameter): Name = "Purchase-URL"; Value = "https://pricing.snapeda.com/search/part/1SMA5926/?ref=eda"; VariantName = "[No Variations]"
Add component (AddParameter): Name = "SnapEDA_Link"; Value = "https://www.snapeda.com/parts/1SMA5926/Taiwan+Semiconductor/view-part/?ref=snap"; VariantName = "[No Variations]"
Add component (AddParameter): Name = "Value"; Value = ""; VariantName = "[No Variations]"
Added Component: Designator=J1(HRO_TYPE-C-31-M-12)
Add component (AddParameter): Name = "Availability"; Value = "Not in stock"; VariantName = "[No Variations]"
Add component (AddParameter): Name = "Check_prices"; Value = "https://www.snapeda.com/parts/TYPE-C-31-M-12/HRO+Electronics+Co.%252C+Ltd./view-part/?ref=eda"; VariantName = "[No Variations]"
Add component (AddParameter): Name = "MF"; Value = "HRO Electronics Co., Ltd."; VariantName = "[No Variations]"
Add component (AddParameter): Name = "MP"; Value = "TYPE-C-31-M-12"; VariantName = "[No Variations]"
Add component (AddParameter): Name = "Package"; Value = "Package"; VariantName = "[No Variations]"
Add component (AddParameter): Name = "Price"; Value = "None"; VariantName = "[No Variations]"
Add component (AddParameter): Name = "SnapEDA_Link"; Value = "https://www.snapeda.com/parts/TYPE-C-31-M-12/HRO+Electronics+Co.%252C+Ltd./view-part/?ref=snap"; VariantName = "[No Variations]"
Add component (AddParameter): Name = "Value"; Value = ""; VariantName = "[No Variations]"
Added Component: Designator=LS1(CUI_CMI-9705-0380-SMT-TR)
Add component (AddParameter): Name = "Check_prices"; Value = "https://www.snapeda.com/parts/CMI-9705-0380-SMT-TR/CUI+Devices/view-part/?ref=eda"; VariantName = "[No Variations]"
Add component (AddParameter): Name = "CUI_purchase_URL"; Value = "https://www.cuidevices.com/product/audio/buzzers/audio-indicators/cmi-9705-0380-smt-tr?utm_source=snapeda.com&utm_medium=referral&utm_campaign=snapedaBOM"; VariantName = "[No Variations]"
Add component (AddParameter): Name = "Digi-Key_Part_Number"; Value = "102-CMI-9705-0380-SMT-TR-ND"; VariantName = "[No Variations]"
Add component (AddParameter): Name = "MF"; Value = "CUI Devices"; VariantName = "[No Variations]"
Add component (AddParameter): Name = "MP"; Value = "CMI-9705-0380-SMT-TR"; VariantName = "[No Variations]"
Add component (AddParameter): Name = "Package"; Value = "CUI Inc."; VariantName = "[No Variations]"
Add component (AddParameter): Name = "Purchase-URL"; Value = "https://pricing.snapeda.com/search/part/CMI-9705-0380-SMT-TR/?ref=eda"; VariantName = "[No Variations]"
Add component (AddParameter): Name = "SnapEDA_Link"; Value = "https://www.snapeda.com/parts/CMI-9705-0380-SMT-TR/CUI+Devices/view-part/?ref=snap"; VariantName = "[No Variations]"
Add component (AddParameter): Name = "Value"; Value = ""; VariantName = "[No Variations]"
Added Component: Designator=R1(RESC1508X03N)
Add component (AddParameter): Name = "Manufacturer"; Value = "YAGEO"; VariantName = "[No Variations]"
Add component (AddParameter): Name = "Manufacturer Part Number"; Value = "RC0603FR-0710KL"; VariantName = "[No Variations]"
Add component (AddParameter): Name = "Supplier"; Value = "DigiKey"; VariantName = "[No Variations]"
Add component (AddParameter): Name = "Supplier Part Number"; Value = "311-10.0KHRTR-ND"; VariantName = "[No Variations]"
Add component (AddParameter): Name = "Value"; Value = "220O"; VariantName = "[No Variations]"
Added Component: Designator=R2(RESC1508X03N)
Add component (AddParameter): Name = "Manufacturer"; Value = "YAGEO"; VariantName = "[No Variations]"
Add component (AddParameter): Name = "Manufacturer Part Number"; Value = "RC0603FR-0710KL"; VariantName = "[No Variations]"
Add component (AddParameter): Name = "Supplier"; Value = "DigiKey"; VariantName = "[No Variations]"
Add component (AddParameter): Name = "Supplier Part Number"; Value = "311-10.0KHRTR-ND"; VariantName = "[No Variations]"
Add component (AddParameter): Name = "Value"; Value = "10KO"; VariantName = "[No Variations]"
Added Component: Designator=R3(RESC1508X03N)
Add component (AddParameter): Name = "Manufacturer"; Value = "YAGEO"; VariantName = "[No Variations]"
Add component (AddParameter): Name = "Manufacturer Part Number"; Value = "RC0603FR-0710KL"; VariantName = "[No Variations]"
Add component (AddParameter): Name = "Supplier"; Value = "DigiKey"; VariantName = "[No Variations]"
Add component (AddParameter): Name = "Supplier Part Number"; Value = "311-10.0KHRTR-ND"; VariantName = "[No Variations]"
Add component (AddParameter): Name = "Value"; Value = "5.1kO"; VariantName = "[No Variations]"
Added Component: Designator=R4(RESC1508X03N)
Add component (AddParameter): Name = "Manufacturer"; Value = "YAGEO"; VariantName = "[No Variations]"
Add component (AddParameter): Name = "Manufacturer Part Number"; Value = "RC0603FR-0710KL"; VariantName = "[No Variations]"
Add component (AddParameter): Name = "Supplier"; Value = "DigiKey"; VariantName = "[No Variations]"
Add component (AddParameter): Name = "Supplier Part Number"; Value = "311-10.0KHRTR-ND"; VariantName = "[No Variations]"
Add component (AddParameter): Name = "Value"; Value = "5.1kO"; VariantName = "[No Variations]"
Added Component: Designator=R5(RESC1508X03N)
Add component (AddParameter): Name = "Manufacturer"; Value = "YAGEO"; VariantName = "[No Variations]"
Add component (AddParameter): Name = "Manufacturer Part Number"; Value = "RC0603FR-0710KL"; VariantName = "[No Variations]"
Add component (AddParameter): Name = "Supplier"; Value = "DigiKey"; VariantName = "[No Variations]"
Add component (AddParameter): Name = "Supplier Part Number"; Value = "311-10.0KHRTR-ND"; VariantName = "[No Variations]"
Add component (AddParameter): Name = "Value"; Value = "220O"; VariantName = "[No Variations]"
Added Component: Designator=R6(RESC1508X03N)
Add component (AddParameter): Name = "Manufacturer"; Value = "YAGEO"; VariantName = "[No Variations]"
Add component (AddParameter): Name = "Manufacturer Part Number"; Value = "RC0603FR-0710KL"; VariantName = "[No Variations]"
Add component (AddParameter): Name = "Supplier"; Value = "DigiKey"; VariantName = "[No Variations]"
Add component (AddParameter): Name = "Supplier Part Number"; Value = "311-10.0KHRTR-ND"; VariantName = "[No Variations]"
Add component (AddParameter): Name = "Value"; Value = "10KO"; VariantName = "[No Variations]"
Added Component: Designator=R7(RESC1508X03N)
Add component (AddParameter): Name = "Manufacturer"; Value = "YAGEO"; VariantName = "[No Variations]"
Add component (AddParameter): Name = "Manufacturer Part Number"; Value = "RC0603FR-0710KL"; VariantName = "[No Variations]"
Add component (AddParameter): Name = "Supplier"; Value = "DigiKey"; VariantName = "[No Variations]"
Add component (AddParameter): Name = "Supplier Part Number"; Value = "311-10.0KHRTR-ND"; VariantName = "[No Variations]"
Add component (AddParameter): Name = "Value"; Value = "10KO"; VariantName = "[No Variations]"
Added Component: Designator=R8(RESC1508X03N)
Add component (AddParameter): Name = "Manufacturer"; Value = "YAGEO"; VariantName = "[No Variations]"
Add component (AddParameter): Name = "Manufacturer Part Number"; Value = "RC0603FR-0710KL"; VariantName = "[No Variations]"
Add component (AddParameter): Name = "Supplier"; Value = "DigiKey"; VariantName = "[No Variations]"
Add component (AddParameter): Name = "Supplier Part Number"; Value = "311-10.0KHRTR-ND"; VariantName = "[No Variations]"
Add component (AddParameter): Name = "Value"; Value = "1KO"; VariantName = "[No Variations]"
Added Component: Designator=R9(RESC1508X03N)
Add component (AddParameter): Name = "Manufacturer"; Value = "YAGEO"; VariantName = "[No Variations]"
Add component (AddParameter): Name = "Manufacturer Part Number"; Value = "RC0603FR-0710KL"; VariantName = "[No Variations]"
Add component (AddParameter): Name = "Supplier"; Value = "DigiKey"; VariantName = "[No Variations]"
Add component (AddParameter): Name = "Supplier Part Number"; Value = "311-10.0KHRTR-ND"; VariantName = "[No Variations]"
Add component (AddParameter): Name = "Value"; Value = "1KO"; VariantName = "[No Variations]"
Added Component: Designator=S1(Switch - duplicate)
Add component (AddParameter): Name = "Manufacturer"; Value = "Alps Alpine"; VariantName = "[No Variations]"
Add component (AddParameter): Name = "Manufacturer Part Number"; Value = "SKRPACE010"; VariantName = "[No Variations]"
Add component (AddParameter): Name = "Suplier"; Value = "DigiKey"; VariantName = "[No Variations]"
Add component (AddParameter): Name = "Suplier Part  Number"; Value = "4809-SKRPACE010TR-ND"; VariantName = "[No Variations]"
Added Component: Designator=T1(TO126)
Add component (AddParameter): Name = "Check_prices"; Value = "https://www.snapeda.com/parts/BD139/ON%20Semiconductor/view-part/2781881/?ref=eda"; VariantName = "[No Variations]"
Add component (AddParameter): Name = "Digi-Key_Part_Number"; Value = "BD13916S-ND"; VariantName = "[No Variations]"
Add component (AddParameter): Name = "MF"; Value = "ON Semiconductor"; VariantName = "[No Variations]"
Add component (AddParameter): Name = "MP"; Value = "BD139"; VariantName = "[No Variations]"
Add component (AddParameter): Name = "Package"; Value = "TO-225-3 ON Semiconductor"; VariantName = "[No Variations]"
Add component (AddParameter): Name = "SnapEDA_Link"; Value = "https://www.snapeda.com/parts/BD139/ON%20Semiconductor/view-part/2781881/?ref=snap"; VariantName = "[No Variations]"
Add component (AddParameter): Name = "Value"; Value = ""; VariantName = "[No Variations]"
Added Component: Designator=(ONSC-SOD-323-2-477-02_V)
Add component (AddParameter): Name = "ComponentLink1Description"; Value = "Manufacturer URL"; VariantName = "[No Variations]"
Add component (AddParameter): Name = "ComponentLink1URL"; Value = "http://www.onsemi.com/"; VariantName = "[No Variations]"
Add component (AddParameter): Name = "ComponentLink2Description"; Value = "Datasheet"; VariantName = "[No Variations]"
Add component (AddParameter): Name = "ComponentLink2URL"; Value = "http://www.onsemi.cn/pub_link/Collateral/BAT54HT1-D.PDF"; VariantName = "[No Variations]"
Add component (AddParameter): Name = "ComponentLink3Description"; Value = "Package Specification"; VariantName = "[No Variations]"
Add component (AddParameter): Name = "ComponentLink3URL"; Value = "http://www.onsemi.com/pub_link/Collateral/477-02.PDF.1"; VariantName = "[No Variations]"
Add component (AddParameter): Name = "Configuration"; Value = "Single"; VariantName = "[No Variations]"
Add component (AddParameter): Name = "DatasheetVersion"; Value = "Rev. 6"; VariantName = "[No Variations]"
Add component (AddParameter): Name = "IFSM Max (A)"; Value = "0.6"; VariantName = "[No Variations]"
Add component (AddParameter): Name = "Manufacturer"; Value = "On Semiconductor"; VariantName = "[No Variations]"
Add component (AddParameter): Name = "Mounting Technology"; Value = "Surface Mount"; VariantName = "[No Variations]"
Add component (AddParameter): Name = "PackageDescription"; Value = "2-Pin SOD, Body 1.7 x 1.25 mm"; VariantName = "[No Variations]"
Add component (AddParameter): Name = "PackageReference"; Value = "SOD-323-2-477-02"; VariantName = "[No Variations]"
Add component (AddParameter): Name = "PackageVersion"; Value = "Rev. H, 03/2007"; VariantName = "[No Variations]"
Add component (AddParameter): Name = "Packing"; Value = "Tape and Reel"; VariantName = "[No Variations]"
Add component (AddParameter): Name = "PartNumber"; Value = "BAT54HT1G"; VariantName = "[No Variations]"
Add component (AddParameter): Name = "RoHS"; Value = "TRUE"; VariantName = "[No Variations]"
Add component (AddParameter): Name = "trr Max (ns)"; Value = "5"; VariantName = "[No Variations]"
Added Component: Designator=U1(PCBComponent_1)
Added Component: Designator=U2(LM7805-SOT223)
Add component (AddParameter): Name = "Manufacturer"; Value = "Texas Instruments"; VariantName = "[No Variations]"
Add component (AddParameter): Name = "Manufacturer Part Number"; Value = "LM7805/NOPB"; VariantName = "[No Variations]"
Add component (AddParameter): Name = "Supplier"; Value = "Digikey"; VariantName = "[No Variations]"
Add component (AddParameter): Name = "Supplier Part Number"; Value = "LM7805MP/NOPB-ND"; VariantName = "[No Variations]"
Added Component: Designator=U3(ATMEGA328P-AU)
Add component (AddParameter): Name = "ComponentLink1Description"; Value = "Data Sheet"; VariantName = "[No Variations]"
Add component (AddParameter): Name = "ComponentLink1URL"; Value = "https://ww1.microchip.com/downloads/aemDocuments/documents/MCU08/ProductDocuments/DataSheets/Atmel-7810-Automotive-Microcontrollers-ATmega328P_Datasheet.pdf"; VariantName = "[No Variations]"
Add component (AddParameter): Name = "Family"; Value = "TQFP"; VariantName = "[No Variations]"
Add component (AddParameter): Name = "Manufacturer"; Value = "Microchip Technology"; VariantName = "[No Variations]"
Add component (AddParameter): Name = "Manufacturer Part Number"; Value = "ATMEGA328P-AU"; VariantName = "[No Variations]"
Add component (AddParameter): Name = "Supplier"; Value = "Digikey"; VariantName = "[No Variations]"
Add component (AddParameter): Name = "Supplier Part Number"; Value = "ATMEGA328P-AU-ND"; VariantName = "[No Variations]"
Added Component: Designator=U4(CH340c)
Add component (AddParameter): Name = "Family"; Value = "SOP-16"; VariantName = "[No Variations]"
Add component (AddParameter): Name = "Manufacturer"; Value = "WCH(Jiangsu Qin Heng)"; VariantName = "[No Variations]"
Add component (AddParameter): Name = "Manufacturer Part Number"; Value = "CH340C-SSOP16"; VariantName = "[No Variations]"
Add component (AddParameter): Name = "Supplier"; Value = "Digi-Key"; VariantName = "[No Variations]"
Add component (AddParameter): Name = "Supplier Part Number"; Value = "CH340C-ND"; VariantName = "[No Variations]"
Added Component: Designator=U5(Edge Connector)
Add component (AddParameter): Name = "Manufacturer"; Value = "TE Connectivity AMP Connectors"; VariantName = "[No Variations]"
Add component (AddParameter): Name = "Manufacturer Part Number"; Value = "4-103321-0"; VariantName = "[No Variations]"
Add component (AddParameter): Name = "Supplier"; Value = "DigiKey"; VariantName = "[No Variations]"
Add component (AddParameter): Name = "Supplier Part Number"; Value = "A26520-ND"; VariantName = "[No Variations]"
Added Component: Designator=Y1(XTAL_ABM3B-16.000MHZ-B2-T)
Add component (AddParameter): Name = "Availability"; Value = "In Stock"; VariantName = "[No Variations]"
Add component (AddParameter): Name = "Check_prices"; Value = "https://www.snapeda.com/parts/ABM3B-16.000MHZ-B2-T/Abracon+LLC/view-part/?ref=eda"; VariantName = "[No Variations]"
Add component (AddParameter): Name = "MF"; Value = "Abracon"; VariantName = "[No Variations]"
Add component (AddParameter): Name = "MP"; Value = "ABM3B-16.000MHZ-B2-T"; VariantName = "[No Variations]"
Add component (AddParameter): Name = "Package"; Value = "SMD-4 Abracon LLC"; VariantName = "[No Variations]"
Add component (AddParameter): Name = "Price"; Value = "None"; VariantName = "[No Variations]"
Add component (AddParameter): Name = "Purchase-URL"; Value = "https://pricing.snapeda.com/search/part/ABM3B-16.000MHZ-B2-T/?ref=eda"; VariantName = "[No Variations]"
Add component (AddParameter): Name = "SnapEDA_Link"; Value = "https://www.snapeda.com/parts/ABM3B-16.000MHZ-B2-T/Abracon+LLC/view-part/?ref=snap"; VariantName = "[No Variations]"
Add component (AddParameter): Name = "Value"; Value = ""; VariantName = "[No Variations]"
Added Pin To Net: NetName=+5 Pin=-1
Added Pin To Net: NetName=GND Pin=C1-1
Added Pin To Net: NetName=VCC Pin=C1-2
Added Pin To Net: NetName=GND Pin=C2-1
Added Pin To Net: NetName=+5 Pin=C2-2
Added Pin To Net: NetName=GND Pin=C3-1
Added Pin To Net: NetName=+5 Pin=C3-2
Added Pin To Net: NetName=GND Pin=C4-1
Added Pin To Net: NetName=+5 Pin=C4-2
Added Pin To Net: NetName=GND Pin=C5-1
Added Pin To Net: NetName=AREF Pin=C5-2
Added Pin To Net: NetName=GND Pin=C6-1
Added Pin To Net: NetName=NetC6_2 Pin=C6-2
Added Pin To Net: NetName=GND Pin=C7-1
Added Pin To Net: NetName=NetC7_2 Pin=C7-2
Added Pin To Net: NetName=NetC8_1 Pin=C8-1
Added Pin To Net: NetName=RST Pin=C8-2
Added Pin To Net: NetName=NetD1_A Pin=D1-A
Added Pin To Net: NetName=GND Pin=D1-K
Added Pin To Net: NetName=D0/RX Pin=D2-A
Added Pin To Net: NetName=NetD2_K Pin=D2-K
Added Pin To Net: NetName=+5 Pin=D3-A
Added Pin To Net: NetName=NetD3_K Pin=D3-K
Added Pin To Net: NetName=+5 Pin=D4-A
Added Pin To Net: NetName=NetD4_K Pin=D4-K
Added Pin To Net: NetName=VBUS Pin=D5-A
Added Pin To Net: NetName=+5 Pin=D5-C
Added Pin To Net: NetName=GND Pin=J1-A1_B12
Added Pin To Net: NetName=VBUS Pin=J1-A4_B9
Added Pin To Net: NetName=NetJ1_A5 Pin=J1-A5
Added Pin To Net: NetName=DIFF_P Pin=J1-A6
Added Pin To Net: NetName=DIFF_N Pin=J1-A7
Added Pin To Net: NetName=GND Pin=J1-B1_A12
Added Pin To Net: NetName=VBUS Pin=J1-B4_A9
Added Pin To Net: NetName=CC2 Pin=J1-B5
Added Pin To Net: NetName=DIFF_P Pin=J1-B6
Added Pin To Net: NetName=DIFF_N Pin=J1-B7
Added Pin To Net: NetName=GND Pin=J1-S1
Added Pin To Net: NetName=GND Pin=J1-S2
Added Pin To Net: NetName=GND Pin=J1-S3
Added Pin To Net: NetName=GND Pin=J1-S4
Added Pin To Net: NetName=+5 Pin=LS1-P
Added Pin To Net: NetName=+5 Pin=R1-1
Added Pin To Net: NetName=NetD1_A Pin=R1-2
Added Pin To Net: NetName=RST Pin=R2-1
Added Pin To Net: NetName=+5 Pin=R2-2
Added Pin To Net: NetName=GND Pin=R3-1
Added Pin To Net: NetName=NetJ1_A5 Pin=R3-2
Added Pin To Net: NetName=GND Pin=R4-1
Added Pin To Net: NetName=CC2 Pin=R4-2
Added Pin To Net: NetName=NetD2_K Pin=R5-1
Added Pin To Net: NetName=GND Pin=R5-2
Added Pin To Net: NetName=D0/RX Pin=R6-1
Added Pin To Net: NetName=NetD3_K Pin=R6-2
Added Pin To Net: NetName=D1/TX Pin=R7-1
Added Pin To Net: NetName=NetD4_K Pin=R7-2
Added Pin To Net: NetName=NetR8_1 Pin=R8-1
Added Pin To Net: NetName=D0/RX Pin=R8-2
Added Pin To Net: NetName=NetR9_1 Pin=R9-1
Added Pin To Net: NetName=D1/TX Pin=R9-2
Added Pin To Net: NetName=GND Pin=S1-1
Added Pin To Net: NetName=RST Pin=S1-2
Added Pin To Net: NetName=GND Pin=T1-1
Added Pin To Net: NetName=D13 Pin=T1-3
Added Pin To Net: NetName=+3V3 Pin=U1-+3V3
Added Pin To Net: NetName=+5 Pin=U1-+5V
Added Pin To Net: NetName=A6 Pin=U1-A6
Added Pin To Net: NetName=A7 Pin=U1-A7
Added Pin To Net: NetName=AREF Pin=U1-AREF
Added Pin To Net: NetName=D0/RX Pin=U1-D0/RX
Added Pin To Net: NetName=D1/TX Pin=U1-D1/TX
Added Pin To Net: NetName=D2 Pin=U1-D2
Added Pin To Net: NetName=D4 Pin=U1-D4
Added Pin To Net: NetName=D7 Pin=U1-D7
Added Pin To Net: NetName=D8 Pin=U1-D8
Added Pin To Net: NetName=D12/MISO Pin=U1-D12
Added Pin To Net: NetName=D13 Pin=U1-D13
Added Pin To Net: NetName=A0 Pin=U1-D14
Added Pin To Net: NetName=A1 Pin=U1-D15
Added Pin To Net: NetName=A2 Pin=U1-D16
Added Pin To Net: NetName=A3 Pin=U1-D17
Added Pin To Net: NetName=A4 Pin=U1-D18
Added Pin To Net: NetName=A5 Pin=U1-D19
Added Pin To Net: NetName=GND Pin=U1-GND
Added Pin To Net: NetName=GND Pin=U1-GROUND
Added Pin To Net: NetName=RST Pin=U1-RESET
Added Pin To Net: NetName=RST Pin=U1-RST
Added Pin To Net: NetName=VCC Pin=U1-VIN
Added Pin To Net: NetName=D3 Pin=U1-~D3
Added Pin To Net: NetName=D5 Pin=U1-~D5
Added Pin To Net: NetName=D6 Pin=U1-~D6
Added Pin To Net: NetName=D9 Pin=U1-~D9
Added Pin To Net: NetName=D10 Pin=U1-~D10
Added Pin To Net: NetName=D11/MOSI Pin=U1-~D11
Added Pin To Net: NetName=VCC Pin=U2-1
Added Pin To Net: NetName=GND Pin=U2-2
Added Pin To Net: NetName=+5 Pin=U2-3
Added Pin To Net: NetName=GND Pin=U2-4
Added Pin To Net: NetName=D3 Pin=U3-1
Added Pin To Net: NetName=D4 Pin=U3-2
Added Pin To Net: NetName=GND Pin=U3-3
Added Pin To Net: NetName=+5 Pin=U3-4
Added Pin To Net: NetName=GND Pin=U3-5
Added Pin To Net: NetName=+5 Pin=U3-6
Added Pin To Net: NetName=NetC7_2 Pin=U3-7
Added Pin To Net: NetName=NetC6_2 Pin=U3-8
Added Pin To Net: NetName=D5 Pin=U3-9
Added Pin To Net: NetName=D6 Pin=U3-10
Added Pin To Net: NetName=D7 Pin=U3-11
Added Pin To Net: NetName=D8 Pin=U3-12
Added Pin To Net: NetName=D9 Pin=U3-13
Added Pin To Net: NetName=D10 Pin=U3-14
Added Pin To Net: NetName=D11/MOSI Pin=U3-15
Added Pin To Net: NetName=D12/MISO Pin=U3-16
Added Pin To Net: NetName=D13/SCK Pin=U3-17
Added Pin To Net: NetName=+5 Pin=U3-18
Added Pin To Net: NetName=A6 Pin=U3-19
Added Pin To Net: NetName=AREF Pin=U3-20
Added Pin To Net: NetName=GND Pin=U3-21
Added Pin To Net: NetName=A7 Pin=U3-22
Added Pin To Net: NetName=A0 Pin=U3-23
Added Pin To Net: NetName=A1 Pin=U3-24
Added Pin To Net: NetName=A2 Pin=U3-25
Added Pin To Net: NetName=A3 Pin=U3-26
Added Pin To Net: NetName=A4 Pin=U3-27
Added Pin To Net: NetName=A5 Pin=U3-28
Added Pin To Net: NetName=RST Pin=U3-29
Added Pin To Net: NetName=D0/RX Pin=U3-30
Added Pin To Net: NetName=D1/TX Pin=U3-31
Added Pin To Net: NetName=D2 Pin=U3-32
Added Pin To Net: NetName=GND Pin=U4-1
Added Pin To Net: NetName=NetR8_1 Pin=U4-2
Added Pin To Net: NetName=NetR9_1 Pin=U4-3
Added Pin To Net: NetName=+3V3 Pin=U4-4
Added Pin To Net: NetName=DIFF_P Pin=U4-5
Added Pin To Net: NetName=DIFF_N Pin=U4-6
Added Pin To Net: NetName=NetC8_1 Pin=U4-13
Added Pin To Net: NetName=+5 Pin=U4-16
Added Pin To Net: NetName=D12/MISO Pin=U5-1
Added Pin To Net: NetName=D13/SCK Pin=U5-2
Added Pin To Net: NetName=RST Pin=U5-3
Added Pin To Net: NetName=GND Pin=U5-4
Added Pin To Net: NetName=D11/MOSI Pin=U5-5
Added Pin To Net: NetName=+5 Pin=U5-6
Added Pin To Net: NetName=NetC6_2 Pin=Y1-1
Added Pin To Net: NetName=GND Pin=Y1-2
Added Pin To Net: NetName=NetC7_2 Pin=Y1-3
Added Pin To Net: NetName=GND Pin=Y1-4
Added Pin To Net: NetName=Net_2 Pin=-2
Added Pin To Net: NetName=Net_2 Pin=LS1-N
Added Pin To Net: NetName=Net_2 Pin=T1-2
Added Net: Name=Net_2
Added Member To Class: ClassName=MC_Project Member=Component C1 Cap0402
Added Member To Class: ClassName=MC_Project Member=Component C2 Cap0402
Added Member To Class: ClassName=MC_Project Member=Component C3 Cap0402
Added Member To Class: ClassName=MC_Project Member=Component C4 Cap0402
Added Member To Class: ClassName=MC_Project Member=Component C5 Cap0402
Added Member To Class: ClassName=MC_Project Member=Component C6 Cap0402
Added Member To Class: ClassName=MC_Project Member=Component C7 Cap0402
Added Member To Class: ClassName=MC_Project Member=Component C8 Cap0402
Added Member To Class: ClassName=MC_Project Member=Component D1 LED0805
Added Member To Class: ClassName=MC_Project Member=Component D2 LED0805
Added Member To Class: ClassName=MC_Project Member=Component D3 LED0805
Added Member To Class: ClassName=MC_Project Member=Component D4 LED0805
Added Member To Class: ClassName=MC_Project Member=Component D5 1SMA5926
Added Member To Class: ClassName=MC_Project Member=Component J1 TYPE-C-31-M-12
Added Member To Class: ClassName=MC_Project Member=Component LS1 CMI-9705-0380-SMT-TR
Added Member To Class: ClassName=MC_Project Member=Component R1 Resistance-0603
Added Member To Class: ClassName=MC_Project Member=Component R2 Resistance-0603
Added Member To Class: ClassName=MC_Project Member=Component R3 Resistance-0603
Added Member To Class: ClassName=MC_Project Member=Component R4 Resistance-0603
Added Member To Class: ClassName=MC_Project Member=Component R5 Resistance-0603
Added Member To Class: ClassName=MC_Project Member=Component R6 Resistance-0603
Added Member To Class: ClassName=MC_Project Member=Component R7 Resistance-0603
Added Member To Class: ClassName=MC_Project Member=Component R8 Resistance-0603
Added Member To Class: ClassName=MC_Project Member=Component R9 Resistance-0603
Added Member To Class: ClassName=MC_Project Member=Component S1 Switch
Added Member To Class: ClassName=MC_Project Member=Component T1 BD139
Added Member To Class: ClassName=MC_Project Member=Component  BAT54HT1G
Added Member To Class: ClassName=MC_Project Member=Component U1 PinHeader
Added Member To Class: ClassName=MC_Project Member=Component U2 LM7805
Added Member To Class: ClassName=MC_Project Member=Component U3 ATMEGA328P-AU
Added Member To Class: ClassName=MC_Project Member=Component U4 CH340c
Added Member To Class: ClassName=MC_Project Member=Component U5 ICSP_PinHeader
Added Member To Class: ClassName=MC_Project Member=Component Y1 ABM3B-16.000MHZ-B2-T
